<?xml version="1.0" encoding="UTF-8"?>
<testsuite name="com.example.prography_project.user.service.UserServiceTest" tests="1" skipped="0" failures="0" errors="0" timestamp="2025-02-18T03:14:17" hostname="jubyeongjuui-MacBookAir.local" time="0.404">
  <properties/>
  <testcase name="getAllUsers_ShouldReturnSortedUsers()" classname="com.example.prography_project.user.service.UserServiceTest" time="0.404"/>
  <system-out><![CDATA[12:14:15.747 [Test worker] INFO org.springframework.test.context.support.AnnotationConfigContextLoaderUtils -- Could not detect default configuration classes for test class [com.example.prography_project.user.service.UserServiceTest]: UserServiceTest does not declare any static, non-private, non-final, nested classes annotated with @Configuration.
12:14:15.803 [Test worker] INFO org.springframework.boot.test.context.SpringBootTestContextBootstrapper -- Found @SpringBootConfiguration com.example.prography_project.PrographyProjectApplication for test class com.example.prography_project.user.service.UserServiceTest

  .   ____          _            __ _ _
 /\\ / ___'_ __ _ _(_)_ __  __ _ \ \ \ \
( ( )\___ | '_ | '_| | '_ \/ _` | \ \ \ \
 \\/  ___)| |_)| | | | | || (_| |  ) ) ) )
  '  |____| .__|_| |_|_| |_\__, | / / / /
 =========|_|==============|___/=/_/_/_/

 :: Spring Boot ::                (v3.4.2)

2025-02-18T12:14:15.987+09:00  INFO 89262 --- [prography_project] [    Test worker] c.e.p.user.service.UserServiceTest       : Starting UserServiceTest using Java 17.0.13 with PID 89262 (started by jubyeongju in /Users/jubyeongju/Desktop/spring_study/Boot Source Feb 28 2023/complete/prography_project)
2025-02-18T12:14:15.987+09:00  INFO 89262 --- [prography_project] [    Test worker] c.e.p.user.service.UserServiceTest       : The following 1 profile is active: "dev"
2025-02-18T12:14:16.337+09:00  INFO 89262 --- [prography_project] [    Test worker] .s.d.r.c.RepositoryConfigurationDelegate : Multiple Spring Data modules found, entering strict repository configuration mode
2025-02-18T12:14:16.338+09:00  INFO 89262 --- [prography_project] [    Test worker] .s.d.r.c.RepositoryConfigurationDelegate : Bootstrapping Spring Data JDBC repositories in DEFAULT mode.
2025-02-18T12:14:16.354+09:00  INFO 89262 --- [prography_project] [    Test worker] .RepositoryConfigurationExtensionSupport : Spring Data JDBC - Could not safely identify store assignment for repository candidate interface com.example.prography_project.room.repository.RoomRepository; If you want this repository to be a JDBC repository, consider annotating your entities with one of these annotations: org.springframework.data.relational.core.mapping.Table.
2025-02-18T12:14:16.355+09:00  INFO 89262 --- [prography_project] [    Test worker] .RepositoryConfigurationExtensionSupport : Spring Data JDBC - Could not safely identify store assignment for repository candidate interface com.example.prography_project.user.repository.UserRepository; If you want this repository to be a JDBC repository, consider annotating your entities with one of these annotations: org.springframework.data.relational.core.mapping.Table.
2025-02-18T12:14:16.355+09:00  INFO 89262 --- [prography_project] [    Test worker] .RepositoryConfigurationExtensionSupport : Spring Data JDBC - Could not safely identify store assignment for repository candidate interface com.example.prography_project.useroom.repository.UserRoomRepository; If you want this repository to be a JDBC repository, consider annotating your entities with one of these annotations: org.springframework.data.relational.core.mapping.Table.
2025-02-18T12:14:16.356+09:00  INFO 89262 --- [prography_project] [    Test worker] .s.d.r.c.RepositoryConfigurationDelegate : Finished Spring Data repository scanning in 15 ms. Found 0 JDBC repository interfaces.
2025-02-18T12:14:16.361+09:00  INFO 89262 --- [prography_project] [    Test worker] .s.d.r.c.RepositoryConfigurationDelegate : Multiple Spring Data modules found, entering strict repository configuration mode
2025-02-18T12:14:16.361+09:00  INFO 89262 --- [prography_project] [    Test worker] .s.d.r.c.RepositoryConfigurationDelegate : Bootstrapping Spring Data JPA repositories in DEFAULT mode.
2025-02-18T12:14:16.376+09:00  INFO 89262 --- [prography_project] [    Test worker] .s.d.r.c.RepositoryConfigurationDelegate : Finished Spring Data repository scanning in 12 ms. Found 3 JPA repository interfaces.
2025-02-18T12:14:16.624+09:00  INFO 89262 --- [prography_project] [    Test worker] o.hibernate.jpa.internal.util.LogHelper  : HHH000204: Processing PersistenceUnitInfo [name: default]
2025-02-18T12:14:16.654+09:00  INFO 89262 --- [prography_project] [    Test worker] org.hibernate.Version                    : HHH000412: Hibernate ORM core version 6.6.5.Final
2025-02-18T12:14:16.674+09:00  INFO 89262 --- [prography_project] [    Test worker] o.h.c.internal.RegionFactoryInitiator    : HHH000026: Second-level cache disabled
2025-02-18T12:14:16.793+09:00  INFO 89262 --- [prography_project] [    Test worker] o.s.o.j.p.SpringPersistenceUnitInfo      : No LoadTimeWeaver setup: ignoring JPA class transformer
2025-02-18T12:14:16.806+09:00  INFO 89262 --- [prography_project] [    Test worker] com.zaxxer.hikari.HikariDataSource       : HikariPool-1 - Starting...
2025-02-18T12:14:16.849+09:00  INFO 89262 --- [prography_project] [    Test worker] com.zaxxer.hikari.pool.HikariPool        : HikariPool-1 - Added connection conn0: url=jdbc:h2:tcp://localhost/~/prography_project user=SA
2025-02-18T12:14:16.850+09:00  INFO 89262 --- [prography_project] [    Test worker] com.zaxxer.hikari.HikariDataSource       : HikariPool-1 - Start completed.
2025-02-18T12:14:16.863+09:00  WARN 89262 --- [prography_project] [    Test worker] org.hibernate.orm.deprecation            : HHH90000025: H2Dialect does not need to be specified explicitly using 'hibernate.dialect' (remove the property setting and it will be selected by default)
2025-02-18T12:14:16.872+09:00  INFO 89262 --- [prography_project] [    Test worker] org.hibernate.orm.connections.pooling    : HHH10001005: Database info:
	Database JDBC URL [Connecting through datasource 'HikariDataSource (HikariPool-1)']
	Database driver: undefined/unknown
	Database version: 2.1.214
	Autocommit mode: undefined/unknown
	Isolation level: undefined/unknown
	Minimum pool size: undefined/unknown
	Maximum pool size: undefined/unknown
2025-02-18T12:14:17.224+09:00  INFO 89262 --- [prography_project] [    Test worker] o.h.e.t.j.p.i.JtaPlatformInitiator       : HHH000489: No JTA platform available (set 'hibernate.transaction.jta.platform' to enable JTA platform integration)
Hibernate: drop table if exists room cascade 
Hibernate: drop table if exists user_room cascade 
Hibernate: drop table if exists users cascade 
Hibernate: create table room (created_at timestamp(6), host bigint, room_id bigint generated by default as identity, updated_at timestamp(6), title varchar(255), room_type enum ('DOUBLE','SINGLE'), status enum ('FINISH','PROGRESS','WAIT'), primary key (room_id))
Hibernate: create table user_room (room_id bigint, user_id bigint, userroom_id bigint generated by default as identity, team enum ('BLUE','RED'), primary key (userroom_id))
Hibernate: create table users (created_at timestamp(6), faker_id bigint, updated_at timestamp(6), user_id bigint generated by default as identity, email varchar(255), name varchar(255), status enum ('ACTIVE','NON_ACTIVE','WAIT'), primary key (user_id))
Hibernate: alter table if exists room add constraint FKg15asfch0ic6wg4hkhivrbu48 foreign key (host) references users
Hibernate: alter table if exists user_room add constraint FKt69dqc3yclx55jpu6lal8xna8 foreign key (room_id) references room
Hibernate: alter table if exists user_room add constraint FKyiyqqc4bed6bdmtsjadvmfnq foreign key (user_id) references users
2025-02-18T12:14:17.243+09:00  INFO 89262 --- [prography_project] [    Test worker] j.LocalContainerEntityManagerFactoryBean : Initialized JPA EntityManagerFactory for persistence unit 'default'
2025-02-18T12:14:17.527+09:00  WARN 89262 --- [prography_project] [    Test worker] JpaBaseConfiguration$JpaWebConfiguration : spring.jpa.open-in-view is enabled by default. Therefore, database queries may be performed during view rendering. Explicitly configure spring.jpa.open-in-view to disable this warning
2025-02-18T12:14:17.545+09:00  INFO 89262 --- [prography_project] [    Test worker] o.s.v.b.OptionalValidatorFactoryBean     : Failed to set up a Bean Validation provider: jakarta.validation.NoProviderFoundException: Unable to create a Configuration, because no Jakarta Bean Validation provider could be found. Add a provider like Hibernate Validator (RI) to your classpath.
2025-02-18T12:14:17.722+09:00  INFO 89262 --- [prography_project] [    Test worker] o.s.b.a.h2.H2ConsoleAutoConfiguration    : H2 console available at '/h2-console'. Database available at 'jdbc:h2:tcp://localhost/~/prography_project'
2025-02-18T12:14:17.751+09:00  INFO 89262 --- [prography_project] [    Test worker] c.e.p.user.service.UserServiceTest       : Started UserServiceTest in 1.88 seconds (process running for 2.377)
Hibernate: select u1_0.user_id,u1_0.created_at,u1_0.email,u1_0.faker_id,u1_0.name,u1_0.status,u1_0.updated_at from users u1_0
Hibernate: insert into users (created_at,email,faker_id,name,status,updated_at,user_id) values (?,?,?,?,?,?,default)
Hibernate: insert into users (created_at,email,faker_id,name,status,updated_at,user_id) values (?,?,?,?,?,?,default)
Hibernate: insert into users (created_at,email,faker_id,name,status,updated_at,user_id) values (?,?,?,?,?,?,default)
Hibernate: insert into users (created_at,email,faker_id,name,status,updated_at,user_id) values (?,?,?,?,?,?,default)
Hibernate: insert into users (created_at,email,faker_id,name,status,updated_at,user_id) values (?,?,?,?,?,?,default)
Hibernate: select u1_0.user_id,u1_0.created_at,u1_0.email,u1_0.faker_id,u1_0.name,u1_0.status,u1_0.updated_at from users u1_0 order by u1_0.user_id
Hibernate: select u1_0.user_id,u1_0.created_at,u1_0.email,u1_0.faker_id,u1_0.name,u1_0.status,u1_0.updated_at from users u1_0 order by u1_0.user_id fetch first ? rows only
Hibernate: select count(u1_0.user_id) from users u1_0
]]></system-out>
  <system-err><![CDATA[]]></system-err>
</testsuite>
