<?xml version="1.0" encoding="UTF-8"?>
<testsuite name="com.example.prography_project.room.service.RoomServiceTest" tests="26" skipped="0" failures="0" errors="0" timestamp="2025-02-21T06:18:09" hostname="jubyeongjuui-MacBookAir.local" time="29.704">
  <properties/>
  <testcase name="진행중이거나_종료된_방에는_참가_불가()" classname="com.example.prography_project.room.service.RoomServiceTest" time="0.954"/>
  <testcase name="존재하지_않는_방에_참가하면_예외_발생()" classname="com.example.prography_project.room.service.RoomServiceTest" time="1.253"/>
  <testcase name="유저가_ACTIVE_상태가_아니면_방_생성_실패()" classname="com.example.prography_project.room.service.RoomServiceTest" time="1.196"/>
  <testcase name="꽉_찬_방에_들어갈_수_없다()" classname="com.example.prography_project.room.service.RoomServiceTest" time="1.233"/>
  <testcase name="새로운_DOUBLE_방에서_팀을_변경하면_정상적으로_반영됨()" classname="com.example.prography_project.room.service.RoomServiceTest" time="1.163"/>
  <testcase name="두_명의_방장이_각각_방을_개설했고_유저가_한_방에_참여한_상태에서_다른_방에_참가하면_예외_발생()" classname="com.example.prography_project.room.service.RoomServiceTest" time="0.952"/>
  <testcase name="유저가_존재하지_않으면_방_생성_실패()" classname="com.example.prography_project.room.service.RoomServiceTest" time="1.793"/>
  <testcase name="방에_2명이_있을때_유저가_나가면_방장만_남음()" classname="com.example.prography_project.room.service.RoomServiceTest" time="0.687"/>
  <testcase name="팀을_변경하려_했지만_정원의_절반이_가득_차면_변경_X()" classname="com.example.prography_project.room.service.RoomServiceTest" time="1.277"/>
  <testcase name="유저가_방에_참가하면_정상적으로_참가됨()" classname="com.example.prography_project.room.service.RoomServiceTest" time="1.41"/>
  <testcase name="방장_유저가_이미_방에_참가중이면_참가_불가()" classname="com.example.prography_project.room.service.RoomServiceTest" time="1.311"/>
  <testcase name="유저가_해당_방에_참가하지_않으면_팀_변경_불가()" classname="com.example.prography_project.room.service.RoomServiceTest" time="1.022"/>
  <testcase name="게임이_이미_진행중이면_팀을_변경할_수_없음()" classname="com.example.prography_project.room.service.RoomServiceTest" time="1.136"/>
  <testcase name="존재하는_방을_조회하면_정상적으로_응답_반환()" classname="com.example.prography_project.room.service.RoomServiceTest" time="1.263"/>
  <testcase name="존재하지_않는_방에서_나가면_예외_발생()" classname="com.example.prography_project.room.service.RoomServiceTest" time="1.091"/>
  <testcase name="진행중이거나_종료된_방에서는_나가기_불가()" classname="com.example.prography_project.room.service.RoomServiceTest" time="1.43"/>
  <testcase name="정원이_꽉_차지_않으면_게임을_시작할_수_없음()" classname="com.example.prography_project.room.service.RoomServiceTest" time="1.338"/>
  <testcase name="존재하지_않는_방에서_팀_변경을_시도하면_예외_발생()" classname="com.example.prography_project.room.service.RoomServiceTest" time="1.185"/>
  <testcase name="방장이_아닌_유저가_게임을_시작하려하면_예외_발생()" classname="com.example.prography_project.room.service.RoomServiceTest" time="0.587"/>
  <testcase name="유저가_이미_방에_참가중이면_방_생성_실패()" classname="com.example.prography_project.room.service.RoomServiceTest" time="0.672"/>
  <testcase name="게임이_이미_진행중이면_게임을_시작할_수_없음()" classname="com.example.prography_project.room.service.RoomServiceTest" time="1.146"/>
  <testcase name="존재하지_않는_방을_조회하면_예외_발생()" classname="com.example.prography_project.room.service.RoomServiceTest" time="1.182"/>
  <testcase name="방장이_나가면_방이_종료됨()" classname="com.example.prography_project.room.service.RoomServiceTest" time="1.042"/>
  <testcase name="존재하지_않는_유저가_팀_변경을_시도하면_예외_발생()" classname="com.example.prography_project.room.service.RoomServiceTest" time="1.029"/>
  <testcase name="방장이_정원이_꽉_찬_방에서_게임을_시작하면_정상적으로_시작됨()" classname="com.example.prography_project.room.service.RoomServiceTest" time="1.018"/>
  <testcase name="팀을_변경하려_했지만_정원의_절반이_가득_차면_변경_불가()" classname="com.example.prography_project.room.service.RoomServiceTest" time="1.319"/>
  <system-out><![CDATA[2025-02-21T15:18:09.539+09:00  INFO 58804 --- [    Test worker] t.c.s.AnnotationConfigContextLoaderUtils : Could not detect default configuration classes for test class [com.example.prography_project.room.service.RoomServiceTest]: RoomServiceTest does not declare any static, non-private, non-final, nested classes annotated with @Configuration.
2025-02-21T15:18:09.548+09:00  INFO 58804 --- [    Test worker] .b.t.c.SpringBootTestContextBootstrapper : Found @SpringBootConfiguration com.example.prography_project.PrographyProjectApplication for test class com.example.prography_project.room.service.RoomServiceTest
]]></system-out>
  <system-err><![CDATA[]]></system-err>
</testsuite>
