<?xml version="1.0" encoding="UTF-8"?>
<testsuite name="com.example.prography_project.PrographyProjectApplicationTests" tests="1" skipped="0" failures="0" errors="0" timestamp="2025-02-21T06:18:06" hostname="jubyeongjuui-MacBookAir.local" time="0.269">
  <properties/>
  <testcase name="contextLoads()" classname="com.example.prography_project.PrographyProjectApplicationTests" time="0.269"/>
  <system-out><![CDATA[15:18:04.770 [Test worker] INFO org.springframework.test.context.support.AnnotationConfigContextLoaderUtils -- Could not detect default configuration classes for test class [com.example.prography_project.PrographyProjectApplicationTests]: PrographyProjectApplicationTests does not declare any static, non-private, non-final, nested classes annotated with @Configuration.
15:18:04.820 [Test worker] INFO org.springframework.boot.test.context.SpringBootTestContextBootstrapper -- Found @SpringBootConfiguration com.example.prography_project.PrographyProjectApplication for test class com.example.prography_project.PrographyProjectApplicationTests

  .   ____          _            __ _ _
 /\\ / ___'_ __ _ _(_)_ __  __ _ \ \ \ \
( ( )\___ | '_ | '_| | '_ \/ _` | \ \ \ \
 \\/  ___)| |_)| | | | | || (_| |  ) ) ) )
  '  |____| .__|_| |_|_| |_\__, | / / / /
 =========|_|==============|___/=/_/_/_/

 :: Spring Boot ::                (v3.4.2)

2025-02-21T15:18:04.989+09:00  INFO 58804 --- [    Test worker] c.e.p.PrographyProjectApplicationTests   : Starting PrographyProjectApplicationTests using Java 17.0.13 with PID 58804 (started by jubyeongju in /Users/jubyeongju/Desktop/spring_study/Boot Source Feb 28 2023/complete/prography_project)
2025-02-21T15:18:04.990+09:00  INFO 58804 --- [    Test worker] c.e.p.PrographyProjectApplicationTests   : No active profile set, falling back to 1 default profile: "default"
2025-02-21T15:18:05.295+09:00  INFO 58804 --- [    Test worker] .s.d.r.c.RepositoryConfigurationDelegate : Multiple Spring Data modules found, entering strict repository configuration mode
2025-02-21T15:18:05.295+09:00  INFO 58804 --- [    Test worker] .s.d.r.c.RepositoryConfigurationDelegate : Bootstrapping Spring Data JDBC repositories in DEFAULT mode.
2025-02-21T15:18:05.311+09:00  INFO 58804 --- [    Test worker] .RepositoryConfigurationExtensionSupport : Spring Data JDBC - Could not safely identify store assignment for repository candidate interface com.example.prography_project.room.repository.RoomRepository; If you want this repository to be a JDBC repository, consider annotating your entities with one of these annotations: org.springframework.data.relational.core.mapping.Table.
2025-02-21T15:18:05.312+09:00  INFO 58804 --- [    Test worker] .RepositoryConfigurationExtensionSupport : Spring Data JDBC - Could not safely identify store assignment for repository candidate interface com.example.prography_project.user.repository.UserRepository; If you want this repository to be a JDBC repository, consider annotating your entities with one of these annotations: org.springframework.data.relational.core.mapping.Table.
2025-02-21T15:18:05.312+09:00  INFO 58804 --- [    Test worker] .RepositoryConfigurationExtensionSupport : Spring Data JDBC - Could not safely identify store assignment for repository candidate interface com.example.prography_project.useroom.repository.UserRoomRepository; If you want this repository to be a JDBC repository, consider annotating your entities with one of these annotations: org.springframework.data.relational.core.mapping.Table.
2025-02-21T15:18:05.313+09:00  INFO 58804 --- [    Test worker] .s.d.r.c.RepositoryConfigurationDelegate : Finished Spring Data repository scanning in 14 ms. Found 0 JDBC repository interfaces.
2025-02-21T15:18:05.317+09:00  INFO 58804 --- [    Test worker] .s.d.r.c.RepositoryConfigurationDelegate : Multiple Spring Data modules found, entering strict repository configuration mode
2025-02-21T15:18:05.318+09:00  INFO 58804 --- [    Test worker] .s.d.r.c.RepositoryConfigurationDelegate : Bootstrapping Spring Data JPA repositories in DEFAULT mode.
2025-02-21T15:18:05.330+09:00  INFO 58804 --- [    Test worker] .s.d.r.c.RepositoryConfigurationDelegate : Finished Spring Data repository scanning in 10 ms. Found 3 JPA repository interfaces.
2025-02-21T15:18:05.542+09:00  INFO 58804 --- [    Test worker] o.hibernate.jpa.internal.util.LogHelper  : HHH000204: Processing PersistenceUnitInfo [name: default]
2025-02-21T15:18:05.577+09:00  INFO 58804 --- [    Test worker] org.hibernate.Version                    : HHH000412: Hibernate ORM core version 6.6.5.Final
2025-02-21T15:18:05.594+09:00  INFO 58804 --- [    Test worker] o.h.c.internal.RegionFactoryInitiator    : HHH000026: Second-level cache disabled
2025-02-21T15:18:05.710+09:00  INFO 58804 --- [    Test worker] o.s.o.j.p.SpringPersistenceUnitInfo      : No LoadTimeWeaver setup: ignoring JPA class transformer
2025-02-21T15:18:05.722+09:00  INFO 58804 --- [    Test worker] com.zaxxer.hikari.HikariDataSource       : HikariPool-1 - Starting...
2025-02-21T15:18:05.792+09:00  INFO 58804 --- [    Test worker] com.zaxxer.hikari.pool.HikariPool        : HikariPool-1 - Added connection conn0: url=jdbc:h2:mem:prography user=SA
2025-02-21T15:18:05.793+09:00  INFO 58804 --- [    Test worker] com.zaxxer.hikari.HikariDataSource       : HikariPool-1 - Start completed.
2025-02-21T15:18:05.805+09:00  WARN 58804 --- [    Test worker] org.hibernate.orm.deprecation            : HHH90000025: H2Dialect does not need to be specified explicitly using 'hibernate.dialect' (remove the property setting and it will be selected by default)
2025-02-21T15:18:05.813+09:00  INFO 58804 --- [    Test worker] org.hibernate.orm.connections.pooling    : HHH10001005: Database info:
	Database JDBC URL [Connecting through datasource 'HikariDataSource (HikariPool-1)']
	Database driver: undefined/unknown
	Database version: 2.3.232
	Autocommit mode: undefined/unknown
	Isolation level: undefined/unknown
	Minimum pool size: undefined/unknown
	Maximum pool size: undefined/unknown
2025-02-21T15:18:06.173+09:00  INFO 58804 --- [    Test worker] o.h.e.t.j.p.i.JtaPlatformInitiator       : HHH000489: No JTA platform available (set 'hibernate.transaction.jta.platform' to enable JTA platform integration)
2025-02-21T15:18:06.199+09:00  INFO 58804 --- [    Test worker] j.LocalContainerEntityManagerFactoryBean : Initialized JPA EntityManagerFactory for persistence unit 'default'
2025-02-21T15:18:06.475+09:00  INFO 58804 --- [    Test worker] o.s.v.b.OptionalValidatorFactoryBean     : Failed to set up a Bean Validation provider: jakarta.validation.NoProviderFoundException: Unable to create a Configuration, because no Jakarta Bean Validation provider could be found. Add a provider like Hibernate Validator (RI) to your classpath.
2025-02-21T15:18:06.659+09:00  INFO 58804 --- [    Test worker] c.e.p.PrographyProjectApplicationTests   : Started PrographyProjectApplicationTests in 1.777 seconds (process running for 2.293)
]]></system-out>
  <system-err><![CDATA[]]></system-err>
</testsuite>
